2013/10/13 15:17:04 [profile] [system.db.CDbCommand.query] begin:system.db.CDbCommand.query(SELECT `U`.*
FROM `users` `U`
JOIN `user_roles` `UR` ON UR.user_k=U.user_k
WHERE UR.role_k=2 LIMIT 1)
2013/10/13 15:17:04 [profile] [system.db.CDbCommand.query] end:system.db.CDbCommand.query(SELECT `U`.*
FROM `users` `U`
JOIN `user_roles` `UR` ON UR.user_k=U.user_k
WHERE UR.role_k=2 LIMIT 1)
2013/10/13 15:17:11 [profile] [system.db.CDbCommand.query] begin:system.db.CDbCommand.query(SELECT `U`.*
FROM `users` `U`
JOIN `user_roles` `UR` ON UR.user_k=U.user_k
WHERE UR.role_k=1 LIMIT 1)
2013/10/13 15:17:11 [profile] [system.db.CDbCommand.query] end:system.db.CDbCommand.query(SELECT `U`.*
FROM `users` `U`
JOIN `user_roles` `UR` ON UR.user_k=U.user_k
WHERE UR.role_k=1 LIMIT 1)
2013/10/13 15:17:44 [profile] [system.db.CDbCommand.query] begin:system.db.CDbCommand.query(SELECT `U`.*
FROM `users` `U`
JOIN `user_roles` `UR` ON UR.user_k=U.user_k
WHERE UR.role_k=2 LIMIT 25)
2013/10/13 15:17:45 [profile] [system.db.CDbCommand.query] end:system.db.CDbCommand.query(SELECT `U`.*
FROM `users` `U`
JOIN `user_roles` `UR` ON UR.user_k=U.user_k
WHERE UR.role_k=2 LIMIT 25)
2013/10/13 15:17:52 [profile] [system.db.CDbCommand.query] begin:system.db.CDbCommand.query(SELECT `U`.*
FROM `users` `U`
JOIN `user_roles` `UR` ON UR.user_k=U.user_k
WHERE UR.role_k=3 LIMIT 25)
2013/10/13 15:17:52 [profile] [system.db.CDbCommand.query] end:system.db.CDbCommand.query(SELECT `U`.*
FROM `users` `U`
JOIN `user_roles` `UR` ON UR.user_k=U.user_k
WHERE UR.role_k=3 LIMIT 25)
2013/10/13 15:18:06 [profile] [system.db.CDbCommand.query] begin:system.db.CDbCommand.query(SELECT `U`.*
FROM `users` `U`
JOIN `user_roles` `UR` ON UR.user_k=U.user_k
WHERE UR.role_k=2 LIMIT 25)
2013/10/13 15:18:06 [profile] [system.db.CDbCommand.query] end:system.db.CDbCommand.query(SELECT `U`.*
FROM `users` `U`
JOIN `user_roles` `UR` ON UR.user_k=U.user_k
WHERE UR.role_k=2 LIMIT 25)
2013/10/13 15:18:20 [profile] [system.db.CDbCommand.query] begin:system.db.CDbCommand.query(SELECT `U`.*
FROM `users` `U`
JOIN `user_roles` `UR` ON UR.user_k=U.user_k
WHERE UR.role_k=1 LIMIT 25)
2013/10/13 15:18:20 [profile] [system.db.CDbCommand.query] end:system.db.CDbCommand.query(SELECT `U`.*
FROM `users` `U`
JOIN `user_roles` `UR` ON UR.user_k=U.user_k
WHERE UR.role_k=1 LIMIT 25)
2013/10/13 17:44:34 [profile] [system.db.CDbCommand.query] begin:system.db.CDbCommand.query(SELECT upper(P.action) as action, RP.value
FROM `permissions` `P`
JOIN `role_permissions` `RP` ON RP.permission_k = P.permission_k
JOIN `roles` `R` ON R.role_k = RP.role_k
JOIN `user_roles` `UR` ON UR.role_k = R.role_k
JOIN `users` `U` ON U.user_k = UR.user_k)
2013/10/13 17:44:34 [profile] [system.db.CDbCommand.query] end:system.db.CDbCommand.query(SELECT upper(P.action) as action, RP.value
FROM `permissions` `P`
JOIN `role_permissions` `RP` ON RP.permission_k = P.permission_k
JOIN `roles` `R` ON R.role_k = RP.role_k
JOIN `user_roles` `UR` ON UR.role_k = R.role_k
JOIN `users` `U` ON U.user_k = UR.user_k)
2013/10/13 17:44:36 [profile] [system.db.CDbCommand.query] begin:system.db.CDbCommand.query(SELECT COUNT(*) FROM users)
2013/10/13 17:44:36 [profile] [system.db.CDbCommand.query] end:system.db.CDbCommand.query(SELECT COUNT(*) FROM users)
2013/10/13 17:44:36 [profile] [system.db.CDbCommand.query] begin:system.db.CDbCommand.query(SELECT * FROM USERS  LIMIT 25)
2013/10/13 17:44:36 [profile] [system.db.CDbCommand.query] end:system.db.CDbCommand.query(SELECT * FROM USERS  LIMIT 25)
2013/10/13 17:44:36 [profile] [system.db.CDbCommand.query] begin:system.db.CDbCommand.query(select R.*,U.users
            from roles R
            left join (
            select R.role_k,count(R.role_k) as users 
            from roles R
            join user_roles UR on UR.role_k=R.role_k
            group by R.role_k
            ) U on U.role_k=R.role_k)
2013/10/13 17:44:36 [profile] [system.db.CDbCommand.query] end:system.db.CDbCommand.query(select R.*,U.users
            from roles R
            left join (
            select R.role_k,count(R.role_k) as users 
            from roles R
            join user_roles UR on UR.role_k=R.role_k
            group by R.role_k
            ) U on U.role_k=R.role_k)
2013/10/13 17:47:24 [profile] [system.db.CDbCommand.query] begin:system.db.CDbCommand.query(SELECT upper(P.action) as action, RP.value
FROM `permissions` `P`
JOIN `role_permissions` `RP` ON RP.permission_k = P.permission_k
JOIN `roles` `R` ON R.role_k = RP.role_k
JOIN `user_roles` `UR` ON UR.role_k = R.role_k
JOIN `users` `U` ON U.user_k = UR.user_k)
2013/10/13 17:47:24 [profile] [system.db.CDbCommand.query] end:system.db.CDbCommand.query(SELECT upper(P.action) as action, RP.value
FROM `permissions` `P`
JOIN `role_permissions` `RP` ON RP.permission_k = P.permission_k
JOIN `roles` `R` ON R.role_k = RP.role_k
JOIN `user_roles` `UR` ON UR.role_k = R.role_k
JOIN `users` `U` ON U.user_k = UR.user_k)
2013/10/13 17:47:27 [profile] [system.db.CDbCommand.query] begin:system.db.CDbCommand.query(SELECT COUNT(*) FROM users)
2013/10/13 17:47:27 [profile] [system.db.CDbCommand.query] end:system.db.CDbCommand.query(SELECT COUNT(*) FROM users)
2013/10/13 17:47:27 [profile] [system.db.CDbCommand.query] begin:system.db.CDbCommand.query(SELECT USER_K, USERNAME, PASSWORD, EMAIL, NAME, LASTNAME, AVATAR, ACTIVE FROM USERS  LIMIT 25)
2013/10/13 17:47:27 [profile] [system.db.CDbCommand.query] end:system.db.CDbCommand.query(SELECT USER_K, USERNAME, PASSWORD, EMAIL, NAME, LASTNAME, AVATAR, ACTIVE FROM USERS  LIMIT 25)
2013/10/13 17:47:27 [profile] [system.db.CDbCommand.query] begin:system.db.CDbCommand.query(select R.*,U.users
            from roles R
            left join (
            select R.role_k,count(R.role_k) as users 
            from roles R
            join user_roles UR on UR.role_k=R.role_k
            group by R.role_k
            ) U on U.role_k=R.role_k)
2013/10/13 17:47:27 [profile] [system.db.CDbCommand.query] end:system.db.CDbCommand.query(select R.*,U.users
            from roles R
            left join (
            select R.role_k,count(R.role_k) as users 
            from roles R
            join user_roles UR on UR.role_k=R.role_k
            group by R.role_k
            ) U on U.role_k=R.role_k)
2013/10/13 17:48:27 [profile] [system.db.CDbCommand.query] begin:system.db.CDbCommand.query(SELECT upper(P.action) as action, RP.value
FROM `permissions` `P`
JOIN `role_permissions` `RP` ON RP.permission_k = P.permission_k
JOIN `roles` `R` ON R.role_k = RP.role_k
JOIN `user_roles` `UR` ON UR.role_k = R.role_k
JOIN `users` `U` ON U.user_k = UR.user_k)
2013/10/13 17:48:27 [profile] [system.db.CDbCommand.query] end:system.db.CDbCommand.query(SELECT upper(P.action) as action, RP.value
FROM `permissions` `P`
JOIN `role_permissions` `RP` ON RP.permission_k = P.permission_k
JOIN `roles` `R` ON R.role_k = RP.role_k
JOIN `user_roles` `UR` ON UR.role_k = R.role_k
JOIN `users` `U` ON U.user_k = UR.user_k)
2013/10/13 17:48:29 [profile] [system.db.CDbCommand.query] begin:system.db.CDbCommand.query(SELECT COUNT(*) FROM users)
2013/10/13 17:48:29 [profile] [system.db.CDbCommand.query] end:system.db.CDbCommand.query(SELECT COUNT(*) FROM users)
2013/10/13 17:48:29 [profile] [system.db.CDbCommand.query] begin:system.db.CDbCommand.query(select user_k, username, password, email, name, lastname, avatar, active from users  LIMIT 25)
2013/10/13 17:48:29 [profile] [system.db.CDbCommand.query] end:system.db.CDbCommand.query(select user_k, username, password, email, name, lastname, avatar, active from users  LIMIT 25)
2013/10/13 17:48:29 [profile] [system.db.CDbCommand.query] begin:system.db.CDbCommand.query(select R.*,U.users
            from roles R
            left join (
            select R.role_k,count(R.role_k) as users 
            from roles R
            join user_roles UR on UR.role_k=R.role_k
            group by R.role_k
            ) U on U.role_k=R.role_k)
2013/10/13 17:48:29 [profile] [system.db.CDbCommand.query] end:system.db.CDbCommand.query(select R.*,U.users
            from roles R
            left join (
            select R.role_k,count(R.role_k) as users 
            from roles R
            join user_roles UR on UR.role_k=R.role_k
            group by R.role_k
            ) U on U.role_k=R.role_k)
2013/10/13 17:48:38 [profile] [system.db.CDbCommand.query] begin:system.db.CDbCommand.query(SELECT `U`.*
FROM `users` `U`
JOIN `user_roles` `UR` ON UR.user_k=U.user_k
WHERE UR.role_k=1 LIMIT 25)
2013/10/13 17:48:38 [profile] [system.db.CDbCommand.query] end:system.db.CDbCommand.query(SELECT `U`.*
FROM `users` `U`
JOIN `user_roles` `UR` ON UR.user_k=U.user_k
WHERE UR.role_k=1 LIMIT 25)
2013/10/13 17:48:42 [profile] [system.db.CDbCommand.query] begin:system.db.CDbCommand.query(SELECT `U`.*
FROM `users` `U`
JOIN `user_roles` `UR` ON UR.user_k=U.user_k
WHERE UR.role_k=2 LIMIT 25)
2013/10/13 17:48:42 [profile] [system.db.CDbCommand.query] end:system.db.CDbCommand.query(SELECT `U`.*
FROM `users` `U`
JOIN `user_roles` `UR` ON UR.user_k=U.user_k
WHERE UR.role_k=2 LIMIT 25)
2013/10/13 17:48:46 [profile] [system.db.CDbCommand.query] begin:system.db.CDbCommand.query(SELECT `U`.*
FROM `users` `U`
JOIN `user_roles` `UR` ON UR.user_k=U.user_k
WHERE UR.role_k=1 LIMIT 25)
2013/10/13 17:48:46 [profile] [system.db.CDbCommand.query] end:system.db.CDbCommand.query(SELECT `U`.*
FROM `users` `U`
JOIN `user_roles` `UR` ON UR.user_k=U.user_k
WHERE UR.role_k=1 LIMIT 25)
2013/10/13 17:48:46 [profile] [system.db.CDbCommand.query] begin:system.db.CDbCommand.query(SELECT `U`.*
FROM `users` `U`
JOIN `user_roles` `UR` ON UR.user_k=U.user_k
WHERE UR.role_k=1 LIMIT 25)
2013/10/13 17:48:46 [profile] [system.db.CDbCommand.query] end:system.db.CDbCommand.query(SELECT `U`.*
FROM `users` `U`
JOIN `user_roles` `UR` ON UR.user_k=U.user_k
WHERE UR.role_k=1 LIMIT 25)
2013/10/13 17:48:46 [profile] [system.db.CDbCommand.query] begin:system.db.CDbCommand.query(SELECT `U`.*
FROM `users` `U`
JOIN `user_roles` `UR` ON UR.user_k=U.user_k
WHERE UR.role_k=1 LIMIT 25)
2013/10/13 17:48:46 [profile] [system.db.CDbCommand.query] end:system.db.CDbCommand.query(SELECT `U`.*
FROM `users` `U`
JOIN `user_roles` `UR` ON UR.user_k=U.user_k
WHERE UR.role_k=1 LIMIT 25)
2013/10/13 17:48:52 [profile] [system.db.CDbCommand.query] begin:system.db.CDbCommand.query(SELECT `U`.*
FROM `users` `U`
JOIN `user_roles` `UR` ON UR.user_k=U.user_k
WHERE UR.role_k=3 LIMIT 25)
2013/10/13 17:48:52 [profile] [system.db.CDbCommand.query] end:system.db.CDbCommand.query(SELECT `U`.*
FROM `users` `U`
JOIN `user_roles` `UR` ON UR.user_k=U.user_k
WHERE UR.role_k=3 LIMIT 25)
2013/10/13 17:49:24 [profile] [system.db.CDbCommand.query] begin:system.db.CDbCommand.query(SELECT upper(P.action) as action, RP.value
FROM `permissions` `P`
JOIN `role_permissions` `RP` ON RP.permission_k = P.permission_k
JOIN `roles` `R` ON R.role_k = RP.role_k
JOIN `user_roles` `UR` ON UR.role_k = R.role_k
JOIN `users` `U` ON U.user_k = UR.user_k)
2013/10/13 17:49:24 [profile] [system.db.CDbCommand.query] end:system.db.CDbCommand.query(SELECT upper(P.action) as action, RP.value
FROM `permissions` `P`
JOIN `role_permissions` `RP` ON RP.permission_k = P.permission_k
JOIN `roles` `R` ON R.role_k = RP.role_k
JOIN `user_roles` `UR` ON UR.role_k = R.role_k
JOIN `users` `U` ON U.user_k = UR.user_k)
2013/10/13 17:49:27 [profile] [system.db.CDbCommand.query] begin:system.db.CDbCommand.query(SELECT COUNT(*) FROM users)
2013/10/13 17:49:27 [profile] [system.db.CDbCommand.query] end:system.db.CDbCommand.query(SELECT COUNT(*) FROM users)
2013/10/13 17:49:27 [profile] [system.db.CDbCommand.query] begin:system.db.CDbCommand.query(select user_k, username, password, email, name, lastname, avatar, active from users  LIMIT 25)
2013/10/13 17:49:27 [profile] [system.db.CDbCommand.query] end:system.db.CDbCommand.query(select user_k, username, password, email, name, lastname, avatar, active from users  LIMIT 25)
2013/10/13 17:49:27 [profile] [system.db.CDbCommand.query] begin:system.db.CDbCommand.query(select R.*,U.users
            from roles R
            left join (
            select R.role_k,count(R.role_k) as users 
            from roles R
            join user_roles UR on UR.role_k=R.role_k
            group by R.role_k
            ) U on U.role_k=R.role_k)
2013/10/13 17:49:27 [profile] [system.db.CDbCommand.query] end:system.db.CDbCommand.query(select R.*,U.users
            from roles R
            left join (
            select R.role_k,count(R.role_k) as users 
            from roles R
            join user_roles UR on UR.role_k=R.role_k
            group by R.role_k
            ) U on U.role_k=R.role_k)
2013/10/13 17:50:33 [profile] [system.db.CDbCommand.query] begin:system.db.CDbCommand.query(SELECT `a`.*
FROM `applications` `a`
JOIN `permissions` `p` ON p.application_k = a.application_k
JOIN `role_permissions` `rp` ON rp.permission_k=p.permission_k
JOIN `roles` `r` ON r.role_k=rp.role_k
JOIN `user_roles` `ur` ON ur.role_k=r.role_k
JOIN `users` `u` ON u.user_k=ur.user_k
WHERE (U.username='test') AND (P.action='access') AND (RP.value=true)
GROUP BY `A`.`application_k`
ORDER BY `A`.`application_parent_k` ASC)
2013/10/13 17:50:33 [profile] [system.db.CDbCommand.query] end:system.db.CDbCommand.query(SELECT `a`.*
FROM `applications` `a`
JOIN `permissions` `p` ON p.application_k = a.application_k
JOIN `role_permissions` `rp` ON rp.permission_k=p.permission_k
JOIN `roles` `r` ON r.role_k=rp.role_k
JOIN `user_roles` `ur` ON ur.role_k=r.role_k
JOIN `users` `u` ON u.user_k=ur.user_k
WHERE (U.username='test') AND (P.action='access') AND (RP.value=true)
GROUP BY `A`.`application_k`
ORDER BY `A`.`application_parent_k` ASC)
2013/10/13 17:50:33 [profile] [system.db.CDbCommand.query] begin:system.db.CDbCommand.query(SHOW FULL COLUMNS FROM `applications`)
2013/10/13 17:50:33 [profile] [system.db.CDbCommand.query] end:system.db.CDbCommand.query(SHOW FULL COLUMNS FROM `applications`)
2013/10/13 17:50:33 [profile] [system.db.CDbCommand.query] begin:system.db.CDbCommand.query(SHOW CREATE TABLE `applications`)
2013/10/13 17:50:33 [profile] [system.db.CDbCommand.query] end:system.db.CDbCommand.query(SHOW CREATE TABLE `applications`)
2013/10/13 17:50:33 [profile] [system.db.CDbCommand.query] begin:system.db.CDbCommand.query(SHOW FULL COLUMNS FROM `users`)
2013/10/13 17:50:33 [profile] [system.db.CDbCommand.query] end:system.db.CDbCommand.query(SHOW FULL COLUMNS FROM `users`)
2013/10/13 17:50:33 [profile] [system.db.CDbCommand.query] begin:system.db.CDbCommand.query(SHOW CREATE TABLE `users`)
2013/10/13 17:50:33 [profile] [system.db.CDbCommand.query] end:system.db.CDbCommand.query(SHOW CREATE TABLE `users`)
2013/10/13 17:50:33 [profile] [system.db.CDbCommand.query] begin:system.db.CDbCommand.query(SELECT t.user_k,t.username,t.email,t.name,t.lastname,t.avatar,t.active FROM `users` `t` WHERE t.user_k = 1)
2013/10/13 17:50:33 [profile] [system.db.CDbCommand.query] end:system.db.CDbCommand.query(SELECT t.user_k,t.username,t.email,t.name,t.lastname,t.avatar,t.active FROM `users` `t` WHERE t.user_k = 1)
2013/10/13 17:50:38 [profile] [system.db.CDbCommand.query] begin:system.db.CDbCommand.query(SELECT upper(P.action) as action, RP.value
FROM `permissions` `P`
JOIN `role_permissions` `RP` ON RP.permission_k = P.permission_k
JOIN `roles` `R` ON R.role_k = RP.role_k
JOIN `user_roles` `UR` ON UR.role_k = R.role_k
JOIN `users` `U` ON U.user_k = UR.user_k)
2013/10/13 17:50:38 [profile] [system.db.CDbCommand.query] end:system.db.CDbCommand.query(SELECT upper(P.action) as action, RP.value
FROM `permissions` `P`
JOIN `role_permissions` `RP` ON RP.permission_k = P.permission_k
JOIN `roles` `R` ON R.role_k = RP.role_k
JOIN `user_roles` `UR` ON UR.role_k = R.role_k
JOIN `users` `U` ON U.user_k = UR.user_k)
2013/10/13 17:50:41 [profile] [system.db.CDbCommand.query] begin:system.db.CDbCommand.query(SELECT COUNT(*) FROM users)
2013/10/13 17:50:41 [profile] [system.db.CDbCommand.query] end:system.db.CDbCommand.query(SELECT COUNT(*) FROM users)
2013/10/13 17:50:41 [profile] [system.db.CDbCommand.query] begin:system.db.CDbCommand.query(select user_k, username, password, email, name, lastname, avatar, active from users  LIMIT 25)
2013/10/13 17:50:41 [profile] [system.db.CDbCommand.query] end:system.db.CDbCommand.query(select user_k, username, password, email, name, lastname, avatar, active from users  LIMIT 25)
2013/10/13 17:50:41 [profile] [system.db.CDbCommand.query] begin:system.db.CDbCommand.query(select R.*,U.users
            from roles R
            left join (
            select R.role_k,count(R.role_k) as users 
            from roles R
            join user_roles UR on UR.role_k=R.role_k
            group by R.role_k
            ) U on U.role_k=R.role_k)
2013/10/13 17:50:41 [profile] [system.db.CDbCommand.query] end:system.db.CDbCommand.query(select R.*,U.users
            from roles R
            left join (
            select R.role_k,count(R.role_k) as users 
            from roles R
            join user_roles UR on UR.role_k=R.role_k
            group by R.role_k
            ) U on U.role_k=R.role_k)
2013/10/13 17:50:44 [profile] [system.db.CDbCommand.query] begin:system.db.CDbCommand.query(SELECT `U`.*
FROM `users` `U`
JOIN `user_roles` `UR` ON UR.user_k=U.user_k
WHERE UR.role_k=1 LIMIT 25)
2013/10/13 17:50:44 [profile] [system.db.CDbCommand.query] end:system.db.CDbCommand.query(SELECT `U`.*
FROM `users` `U`
JOIN `user_roles` `UR` ON UR.user_k=U.user_k
WHERE UR.role_k=1 LIMIT 25)
2013/10/13 17:51:25 [profile] [system.db.CDbCommand.query] begin:system.db.CDbCommand.query(SELECT upper(P.action) as action, RP.value
FROM `permissions` `P`
JOIN `role_permissions` `RP` ON RP.permission_k = P.permission_k
JOIN `roles` `R` ON R.role_k = RP.role_k
JOIN `user_roles` `UR` ON UR.role_k = R.role_k
JOIN `users` `U` ON U.user_k = UR.user_k)
2013/10/13 17:51:25 [profile] [system.db.CDbCommand.query] end:system.db.CDbCommand.query(SELECT upper(P.action) as action, RP.value
FROM `permissions` `P`
JOIN `role_permissions` `RP` ON RP.permission_k = P.permission_k
JOIN `roles` `R` ON R.role_k = RP.role_k
JOIN `user_roles` `UR` ON UR.role_k = R.role_k
JOIN `users` `U` ON U.user_k = UR.user_k)
2013/10/13 17:51:27 [profile] [system.db.CDbCommand.query] begin:system.db.CDbCommand.query(select R.*,U.users
            from roles R
            left join (
            select R.role_k,count(R.role_k) as users 
            from roles R
            join user_roles UR on UR.role_k=R.role_k
            group by R.role_k
            ) U on U.role_k=R.role_k)
2013/10/13 17:51:27 [profile] [system.db.CDbCommand.query] end:system.db.CDbCommand.query(select R.*,U.users
            from roles R
            left join (
            select R.role_k,count(R.role_k) as users 
            from roles R
            join user_roles UR on UR.role_k=R.role_k
            group by R.role_k
            ) U on U.role_k=R.role_k)
2013/10/13 17:51:27 [profile] [system.db.CDbCommand.query] begin:system.db.CDbCommand.query(SELECT COUNT(*) FROM users)
2013/10/13 17:51:27 [profile] [system.db.CDbCommand.query] end:system.db.CDbCommand.query(SELECT COUNT(*) FROM users)
2013/10/13 17:51:27 [profile] [system.db.CDbCommand.query] begin:system.db.CDbCommand.query(select user_k, username,  email, name, lastname, avatar, active from users  LIMIT 25)
2013/10/13 17:51:27 [profile] [system.db.CDbCommand.query] end:system.db.CDbCommand.query(select user_k, username,  email, name, lastname, avatar, active from users  LIMIT 25)
2013/10/13 17:55:02 [profile] [system.db.CDbCommand.query] begin:system.db.CDbCommand.query(SELECT `U`.*
FROM `users` `U`
JOIN `user_roles` `UR` ON UR.user_k=U.user_k
WHERE UR.role_k=1 LIMIT 25)
2013/10/13 17:55:02 [profile] [system.db.CDbCommand.query] end:system.db.CDbCommand.query(SELECT `U`.*
FROM `users` `U`
JOIN `user_roles` `UR` ON UR.user_k=U.user_k
WHERE UR.role_k=1 LIMIT 25)
2013/10/13 17:55:16 [profile] [system.db.CDbCommand.query] begin:system.db.CDbCommand.query(SELECT `U`.*
FROM `users` `U`
JOIN `user_roles` `UR` ON UR.user_k=U.user_k
WHERE UR.role_k=1 LIMIT 25)
2013/10/13 17:55:16 [profile] [system.db.CDbCommand.query] end:system.db.CDbCommand.query(SELECT `U`.*
FROM `users` `U`
JOIN `user_roles` `UR` ON UR.user_k=U.user_k
WHERE UR.role_k=1 LIMIT 25)
2013/10/13 17:55:17 [profile] [system.db.CDbCommand.query] begin:system.db.CDbCommand.query(SELECT `U`.*
FROM `users` `U`
JOIN `user_roles` `UR` ON UR.user_k=U.user_k
WHERE UR.role_k=1 LIMIT 25)
2013/10/13 17:55:17 [profile] [system.db.CDbCommand.query] end:system.db.CDbCommand.query(SELECT `U`.*
FROM `users` `U`
JOIN `user_roles` `UR` ON UR.user_k=U.user_k
WHERE UR.role_k=1 LIMIT 25)
2013/10/13 17:55:21 [profile] [system.db.CDbCommand.query] begin:system.db.CDbCommand.query(SELECT `U`.*
FROM `users` `U`
JOIN `user_roles` `UR` ON UR.user_k=U.user_k
WHERE UR.role_k=1 LIMIT 25)
2013/10/13 17:55:21 [profile] [system.db.CDbCommand.query] end:system.db.CDbCommand.query(SELECT `U`.*
FROM `users` `U`
JOIN `user_roles` `UR` ON UR.user_k=U.user_k
WHERE UR.role_k=1 LIMIT 25)
2013/10/13 17:55:22 [profile] [system.db.CDbCommand.query] begin:system.db.CDbCommand.query(SELECT `U`.*
FROM `users` `U`
JOIN `user_roles` `UR` ON UR.user_k=U.user_k
WHERE UR.role_k=1 LIMIT 25)
2013/10/13 17:55:22 [profile] [system.db.CDbCommand.query] end:system.db.CDbCommand.query(SELECT `U`.*
FROM `users` `U`
JOIN `user_roles` `UR` ON UR.user_k=U.user_k
WHERE UR.role_k=1 LIMIT 25)
2013/10/13 17:55:23 [profile] [system.db.CDbCommand.query] begin:system.db.CDbCommand.query(SELECT `U`.*
FROM `users` `U`
JOIN `user_roles` `UR` ON UR.user_k=U.user_k
WHERE UR.role_k=2 LIMIT 25)
2013/10/13 17:55:23 [profile] [system.db.CDbCommand.query] end:system.db.CDbCommand.query(SELECT `U`.*
FROM `users` `U`
JOIN `user_roles` `UR` ON UR.user_k=U.user_k
WHERE UR.role_k=2 LIMIT 25)
2013/10/13 17:56:34 [profile] [system.db.CDbCommand.query] begin:system.db.CDbCommand.query(SELECT `U`.*
FROM `users` `U`
JOIN `user_roles` `UR` ON UR.user_k=U.user_k
WHERE UR.role_k=1 LIMIT 25)
2013/10/13 17:56:34 [profile] [system.db.CDbCommand.query] end:system.db.CDbCommand.query(SELECT `U`.*
FROM `users` `U`
JOIN `user_roles` `UR` ON UR.user_k=U.user_k
WHERE UR.role_k=1 LIMIT 25)
2013/10/13 17:56:46 [profile] [system.db.CDbCommand.query] begin:system.db.CDbCommand.query(SELECT `U`.*
FROM `users` `U`
JOIN `user_roles` `UR` ON UR.user_k=U.user_k
WHERE UR.role_k=0 LIMIT 25)
2013/10/13 17:56:46 [profile] [system.db.CDbCommand.query] end:system.db.CDbCommand.query(SELECT `U`.*
FROM `users` `U`
JOIN `user_roles` `UR` ON UR.user_k=U.user_k
WHERE UR.role_k=0 LIMIT 25)
2013/10/13 17:56:58 [profile] [system.db.CDbCommand.query] begin:system.db.CDbCommand.query(SELECT `U`.*
FROM `users` `U`
JOIN `user_roles` `UR` ON UR.user_k=U.user_k
WHERE UR.role_k=0 LIMIT 25)
2013/10/13 17:56:58 [profile] [system.db.CDbCommand.query] end:system.db.CDbCommand.query(SELECT `U`.*
FROM `users` `U`
JOIN `user_roles` `UR` ON UR.user_k=U.user_k
WHERE UR.role_k=0 LIMIT 25)
2013/10/13 17:57:04 [profile] [system.db.CDbCommand.query] begin:system.db.CDbCommand.query(SELECT upper(P.action) as action, RP.value
FROM `permissions` `P`
JOIN `role_permissions` `RP` ON RP.permission_k = P.permission_k
JOIN `roles` `R` ON R.role_k = RP.role_k
JOIN `user_roles` `UR` ON UR.role_k = R.role_k
JOIN `users` `U` ON U.user_k = UR.user_k)
2013/10/13 17:57:04 [profile] [system.db.CDbCommand.query] end:system.db.CDbCommand.query(SELECT upper(P.action) as action, RP.value
FROM `permissions` `P`
JOIN `role_permissions` `RP` ON RP.permission_k = P.permission_k
JOIN `roles` `R` ON R.role_k = RP.role_k
JOIN `user_roles` `UR` ON UR.role_k = R.role_k
JOIN `users` `U` ON U.user_k = UR.user_k)
2013/10/13 17:57:06 [profile] [system.db.CDbCommand.query] begin:system.db.CDbCommand.query(SELECT COUNT(*) FROM users)
2013/10/13 17:57:06 [profile] [system.db.CDbCommand.query] end:system.db.CDbCommand.query(SELECT COUNT(*) FROM users)
2013/10/13 17:57:07 [profile] [system.db.CDbCommand.query] begin:system.db.CDbCommand.query(select user_k, username,  email, name, lastname, avatar, active from users  LIMIT 25)
2013/10/13 17:57:07 [profile] [system.db.CDbCommand.query] end:system.db.CDbCommand.query(select user_k, username,  email, name, lastname, avatar, active from users  LIMIT 25)
2013/10/13 17:57:07 [profile] [system.db.CDbCommand.query] begin:system.db.CDbCommand.query(SELECT COUNT(*) FROM users)
2013/10/13 17:57:07 [profile] [system.db.CDbCommand.query] end:system.db.CDbCommand.query(SELECT COUNT(*) FROM users)
2013/10/13 17:57:07 [profile] [system.db.CDbCommand.query] begin:system.db.CDbCommand.query(select user_k, username,  email, name, lastname, avatar, active from users  LIMIT 25)
2013/10/13 17:57:07 [profile] [system.db.CDbCommand.query] end:system.db.CDbCommand.query(select user_k, username,  email, name, lastname, avatar, active from users  LIMIT 25)
2013/10/13 18:06:08 [profile] [system.db.CDbCommand.query] begin:system.db.CDbCommand.query(SELECT `a`.*
FROM `applications` `a`
JOIN `permissions` `p` ON p.application_k = a.application_k
JOIN `role_permissions` `rp` ON rp.permission_k=p.permission_k
JOIN `roles` `r` ON r.role_k=rp.role_k
JOIN `user_roles` `ur` ON ur.role_k=r.role_k
JOIN `users` `u` ON u.user_k=ur.user_k
WHERE (U.username='test') AND (P.action='access') AND (RP.value=true)
GROUP BY `A`.`application_k`
ORDER BY `A`.`application_parent_k` ASC)
2013/10/13 18:06:08 [profile] [system.db.CDbCommand.query] end:system.db.CDbCommand.query(SELECT `a`.*
FROM `applications` `a`
JOIN `permissions` `p` ON p.application_k = a.application_k
JOIN `role_permissions` `rp` ON rp.permission_k=p.permission_k
JOIN `roles` `r` ON r.role_k=rp.role_k
JOIN `user_roles` `ur` ON ur.role_k=r.role_k
JOIN `users` `u` ON u.user_k=ur.user_k
WHERE (U.username='test') AND (P.action='access') AND (RP.value=true)
GROUP BY `A`.`application_k`
ORDER BY `A`.`application_parent_k` ASC)
2013/10/13 18:06:08 [profile] [system.db.CDbCommand.query] begin:system.db.CDbCommand.query(SHOW FULL COLUMNS FROM `applications`)
2013/10/13 18:06:08 [profile] [system.db.CDbCommand.query] end:system.db.CDbCommand.query(SHOW FULL COLUMNS FROM `applications`)
2013/10/13 18:06:08 [profile] [system.db.CDbCommand.query] begin:system.db.CDbCommand.query(SHOW CREATE TABLE `applications`)
2013/10/13 18:06:08 [profile] [system.db.CDbCommand.query] end:system.db.CDbCommand.query(SHOW CREATE TABLE `applications`)
2013/10/13 18:06:08 [profile] [system.db.CDbCommand.query] begin:system.db.CDbCommand.query(SHOW FULL COLUMNS FROM `users`)
2013/10/13 18:06:08 [profile] [system.db.CDbCommand.query] end:system.db.CDbCommand.query(SHOW FULL COLUMNS FROM `users`)
2013/10/13 18:06:08 [profile] [system.db.CDbCommand.query] begin:system.db.CDbCommand.query(SHOW CREATE TABLE `users`)
2013/10/13 18:06:08 [profile] [system.db.CDbCommand.query] end:system.db.CDbCommand.query(SHOW CREATE TABLE `users`)
2013/10/13 18:06:08 [profile] [system.db.CDbCommand.query] begin:system.db.CDbCommand.query(SELECT t.user_k,t.username,t.email,t.name,t.lastname,t.avatar,t.active FROM `users` `t` WHERE t.user_k = 1)
2013/10/13 18:06:08 [profile] [system.db.CDbCommand.query] end:system.db.CDbCommand.query(SELECT t.user_k,t.username,t.email,t.name,t.lastname,t.avatar,t.active FROM `users` `t` WHERE t.user_k = 1)
2013/10/13 18:06:10 [profile] [system.db.CDbCommand.query] begin:system.db.CDbCommand.query(SELECT upper(P.action) as action, RP.value
FROM `permissions` `P`
JOIN `role_permissions` `RP` ON RP.permission_k = P.permission_k
JOIN `roles` `R` ON R.role_k = RP.role_k
JOIN `user_roles` `UR` ON UR.role_k = R.role_k
JOIN `users` `U` ON U.user_k = UR.user_k)
2013/10/13 18:06:10 [profile] [system.db.CDbCommand.query] end:system.db.CDbCommand.query(SELECT upper(P.action) as action, RP.value
FROM `permissions` `P`
JOIN `role_permissions` `RP` ON RP.permission_k = P.permission_k
JOIN `roles` `R` ON R.role_k = RP.role_k
JOIN `user_roles` `UR` ON UR.role_k = R.role_k
JOIN `users` `U` ON U.user_k = UR.user_k)
2013/10/13 18:06:13 [profile] [system.db.CDbCommand.query] begin:system.db.CDbCommand.query(SELECT COUNT(*) FROM users)
2013/10/13 18:06:13 [profile] [system.db.CDbCommand.query] end:system.db.CDbCommand.query(SELECT COUNT(*) FROM users)
2013/10/13 18:06:13 [profile] [system.db.CDbCommand.query] begin:system.db.CDbCommand.query(select user_k, username,  email, name, lastname, avatar, active from users  LIMIT 25)
2013/10/13 18:06:13 [profile] [system.db.CDbCommand.query] end:system.db.CDbCommand.query(select user_k, username,  email, name, lastname, avatar, active from users  LIMIT 25)
2013/10/13 18:06:13 [profile] [system.db.CDbCommand.query] begin:system.db.CDbCommand.query(SELECT COUNT(*) FROM users)
2013/10/13 18:06:13 [profile] [system.db.CDbCommand.query] end:system.db.CDbCommand.query(SELECT COUNT(*) FROM users)
2013/10/13 18:06:13 [profile] [system.db.CDbCommand.query] begin:system.db.CDbCommand.query(select user_k, username,  email, name, lastname, avatar, active from users  LIMIT 25)
2013/10/13 18:06:13 [profile] [system.db.CDbCommand.query] end:system.db.CDbCommand.query(select user_k, username,  email, name, lastname, avatar, active from users  LIMIT 25)
2013/10/13 18:06:22 [profile] [system.db.CDbCommand.query] begin:system.db.CDbCommand.query(SELECT COUNT(*) FROM users)
2013/10/13 18:06:22 [profile] [system.db.CDbCommand.query] end:system.db.CDbCommand.query(SELECT COUNT(*) FROM users)
2013/10/13 18:06:22 [profile] [system.db.CDbCommand.query] begin:system.db.CDbCommand.query(select user_k, username,  email, name, lastname, avatar, active from users  LIMIT 25)
2013/10/13 18:06:22 [profile] [system.db.CDbCommand.query] end:system.db.CDbCommand.query(select user_k, username,  email, name, lastname, avatar, active from users  LIMIT 25)
2013/10/13 18:06:26 [profile] [system.db.CDbCommand.query] begin:system.db.CDbCommand.query(SELECT COUNT(*) FROM users)
2013/10/13 18:06:26 [profile] [system.db.CDbCommand.query] end:system.db.CDbCommand.query(SELECT COUNT(*) FROM users)
2013/10/13 18:06:26 [profile] [system.db.CDbCommand.query] begin:system.db.CDbCommand.query(select user_k, username,  email, name, lastname, avatar, active from users  LIMIT 25)
2013/10/13 18:06:26 [profile] [system.db.CDbCommand.query] end:system.db.CDbCommand.query(select user_k, username,  email, name, lastname, avatar, active from users  LIMIT 25)
